<?xml version="1.0" encoding="UTF-8"?>
<testng-results ignored="0" total="1" passed="1" failed="0" skipped="0">
  <reporter-output>
  </reporter-output>
  <suite started-at="2021-04-20T09:31:26 IST" name="Suite" finished-at="2021-04-20T09:31:52 IST" duration-ms="25724">
    <groups>
    </groups>
    <test started-at="2021-04-20T09:31:26 IST" name="Test" finished-at="2021-04-20T09:31:52 IST" duration-ms="25724">
      <class name="org.com.TestNgAdactinHotel">
        <test-method is-config="true" signature="beforeClass()[pri:0, instance:org.com.TestNgAdactinHotel@5cee5251]" started-at="2021-04-20T09:31:26 IST" name="beforeClass" finished-at="2021-04-20T09:31:30 IST" duration-ms="4410" status="PASS">
          <reporter-output>
          </reporter-output>
        </test-method> <!-- beforeClass -->
        <test-method is-config="true" signature="beforemethod()[pri:0, instance:org.com.TestNgAdactinHotel@5cee5251]" started-at="2021-04-20T09:31:30 IST" name="beforemethod" finished-at="2021-04-20T09:31:30 IST" duration-ms="11" status="PASS">
          <reporter-output>
          </reporter-output>
        </test-method> <!-- beforemethod -->
        <test-method signature="testMethod()[pri:0, instance:org.com.TestNgAdactinHotel@5cee5251]" started-at="2021-04-20T09:31:30 IST" name="testMethod" finished-at="2021-04-20T09:31:51 IST" duration-ms="20583" status="PASS">
          <reporter-output>
          </reporter-output>
        </test-method> <!-- testMethod -->
        <test-method is-config="true" signature="afterMethod()[pri:0, instance:org.com.TestNgAdactinHotel@5cee5251]" started-at="2021-04-20T09:31:51 IST" name="afterMethod" finished-at="2021-04-20T09:31:51 IST" duration-ms="1" status="PASS">
          <reporter-output>
          </reporter-output>
        </test-method> <!-- afterMethod -->
        <test-method is-config="true" signature="afterClass()[pri:0, instance:org.com.TestNgAdactinHotel@5cee5251]" started-at="2021-04-20T09:31:51 IST" name="afterClass" finished-at="2021-04-20T09:31:52 IST" duration-ms="666" status="PASS">
          <reporter-output>
          </reporter-output>
        </test-method> <!-- afterClass -->
      </class> <!-- org.com.TestNgAdactinHotel -->
    </test> <!-- Test -->
  </suite> <!-- Suite -->
</testng-results>
